2017-12-02 15:45:31,999 INFO  [Log] **************************************************************************************** 
2017-12-02 15:45:31,999 INFO  [Log] **************************************************************************************** 
2017-12-02 15:45:31,999 INFO  [Log] $$$$$$$$$$$$$$$$$$$$$                 STEP 1: Go to http://store.demoqa.com/       $$$$$$$$$$$$$$$$$$$$$$$$$ 
2017-12-02 15:45:31,999 INFO  [Log] **************************************************************************************** 
2017-12-02 15:45:31,999 INFO  [Log] **************************************************************************************** 
2017-12-02 15:45:37,444 INFO  [Log] XXXXXXXXXXXXXXXXXXXXXXX             -E---N---D-STEP 1             XXXXXXXXXXXXXXXXXXXXXX 
2017-12-02 15:45:37,444 INFO  [Log] X 
2017-12-02 15:45:37,444 INFO  [Log] X 
2017-12-02 15:45:37,444 INFO  [Log] X 
2017-12-02 15:45:37,444 INFO  [Log] X 
2017-12-02 15:45:37,446 INFO  [Log] **************************************************************************************** 
2017-12-02 15:45:37,446 INFO  [Log] **************************************************************************************** 
2017-12-02 15:45:37,446 INFO  [Log] $$$$$$$$$$$$$$$$$$$$$                 STEP 2: Go to Product category and select Accessories       $$$$$$$$$$$$$$$$$$$$$$$$$ 
2017-12-02 15:45:37,446 INFO  [Log] **************************************************************************************** 
2017-12-02 15:45:37,446 INFO  [Log] **************************************************************************************** 
2017-12-02 15:45:37,462 INFO  [Log] Product Category Tab found 
2017-12-02 15:45:37,473 INFO  [Log] Link to Accessories found 
2017-12-02 15:45:37,756 INFO  [Log] Go to Accessories pages 
2017-12-02 15:45:43,352 INFO  [Log] XXXXXXXXXXXXXXXXXXXXXXX             -E---N---D-STEP 2             XXXXXXXXXXXXXXXXXXXXXX 
2017-12-02 15:45:43,352 INFO  [Log] X 
2017-12-02 15:45:43,352 INFO  [Log] X 
2017-12-02 15:45:43,352 INFO  [Log] X 
2017-12-02 15:45:43,352 INFO  [Log] X 
2017-12-02 15:45:43,353 INFO  [Log] **************************************************************************************** 
2017-12-02 15:45:43,353 INFO  [Log] **************************************************************************************** 
2017-12-02 15:45:43,353 INFO  [Log] $$$$$$$$$$$$$$$$$$$$$                 STEP 3: Click on “Add to Cart” for just Magic Mouse       $$$$$$$$$$$$$$$$$$$$$$$$$ 
2017-12-02 15:45:43,353 INFO  [Log] **************************************************************************************** 
2017-12-02 15:45:43,353 INFO  [Log] **************************************************************************************** 
2017-12-02 15:45:43,474 INFO  [Log] Magic Mouse Add To Cart Button found 
2017-12-02 15:45:43,752 INFO  [Log] Click Add to Cart Button 
2017-12-02 15:45:46,005 INFO  [Log] Item Has Been Added Box SHow 
2017-12-02 15:45:46,006 INFO  [Log] XXXXXXXXXXXXXXXXXXXXXXX             -E---N---D-STEP 3             XXXXXXXXXXXXXXXXXXXXXX 
2017-12-02 15:45:46,006 INFO  [Log] X 
2017-12-02 15:45:46,007 INFO  [Log] X 
2017-12-02 15:45:46,007 INFO  [Log] X 
2017-12-02 15:45:46,007 INFO  [Log] X 
2017-12-02 15:45:46,008 INFO  [Log] **************************************************************************************** 
2017-12-02 15:45:46,008 INFO  [Log] **************************************************************************************** 
2017-12-02 15:45:46,008 INFO  [Log] $$$$$$$$$$$$$$$$$$$$$                 STEP 4: Click on “Checkout” and confirm you have 1 Magic Mouse in your Check-Out Page       $$$$$$$$$$$$$$$$$$$$$$$$$ 
2017-12-02 15:45:46,008 INFO  [Log] **************************************************************************************** 
2017-12-02 15:45:46,008 INFO  [Log] **************************************************************************************** 
2017-12-02 15:45:46,016 INFO  [Log] Link to Checkout found 
2017-12-02 15:45:48,747 INFO  [Log] Click Checkout Button 
2017-12-02 15:45:48,840 INFO  [Log] Top Product Quantity found 
2017-12-02 15:45:48,882 INFO  [Log] Confirm Have 1 Magic Mouse In Checkout Page 
2017-12-02 15:45:48,882 INFO  [Log] XXXXXXXXXXXXXXXXXXXXXXX             -E---N---D-STEP 4             XXXXXXXXXXXXXXXXXXXXXX 
2017-12-02 15:45:48,882 INFO  [Log] X 
2017-12-02 15:45:48,882 INFO  [Log] X 
2017-12-02 15:45:48,882 INFO  [Log] X 
2017-12-02 15:45:48,882 INFO  [Log] X 
2017-12-02 15:45:48,883 INFO  [Log] **************************************************************************************** 
2017-12-02 15:45:48,883 INFO  [Log] **************************************************************************************** 
2017-12-02 15:45:48,883 INFO  [Log] $$$$$$$$$$$$$$$$$$$$$                 STEP 5: After confirming, click on Continue       $$$$$$$$$$$$$$$$$$$$$$$$$ 
2017-12-02 15:45:48,883 INFO  [Log] **************************************************************************************** 
2017-12-02 15:45:48,883 INFO  [Log] **************************************************************************************** 
2017-12-02 15:45:48,896 INFO  [Log] Link to Continue found 
2017-12-02 15:45:49,128 INFO  [Log] Click on Continue Button 
2017-12-02 15:45:49,139 INFO  [Log] XXXXXXXXXXXXXXXXXXXXXXX             -E---N---D-STEP 5             XXXXXXXXXXXXXXXXXXXXXX 
2017-12-02 15:45:49,139 INFO  [Log] X 
2017-12-02 15:45:49,139 INFO  [Log] X 
2017-12-02 15:45:49,139 INFO  [Log] X 
2017-12-02 15:45:49,139 INFO  [Log] X 
2017-12-02 15:45:49,140 INFO  [Log] **************************************************************************************** 
2017-12-02 15:45:49,140 INFO  [Log] **************************************************************************************** 
2017-12-02 15:45:49,140 INFO  [Log] $$$$$$$$$$$$$$$$$$$$$                 STEP 6: Enter test data needed for email,  billing/contact details and billing/contact details and click Purchase       $$$$$$$$$$$$$$$$$$$$$$$$$ 
2017-12-02 15:45:49,140 INFO  [Log] **************************************************************************************** 
2017-12-02 15:45:49,140 INFO  [Log] **************************************************************************************** 
2017-12-02 15:45:54,154 INFO  [Log] Textbox Billingemail found 
2017-12-02 15:45:54,231 INFO  [Log] Textbox Billingfirstname found 
2017-12-02 15:45:54,266 INFO  [Log] Textbox Billinglastname found 
2017-12-02 15:45:54,310 INFO  [Log] Textbox Billingaddress found 
2017-12-02 15:45:54,358 INFO  [Log] Textbox Billingcity found 
2017-12-02 15:45:54,439 INFO  [Log] Textbox Billingphone number found 
2017-12-02 15:45:54,503 INFO  [Log] Dropdown box Billingcountry found 
2017-12-02 15:45:54,753 INFO  [Log] Textbox Billingstate number found 
2017-12-02 15:45:54,783 INFO  [Log] Textbox Shippingstate number found 
2017-12-02 15:45:54,807 INFO  [Log] Finish Filling Test User Data 
2017-12-02 15:45:54,813 INFO  [Log] Purchase button found 
2017-12-02 15:46:00,053 INFO  [Log] Click Purchase Button 
2017-12-02 15:46:00,054 INFO  [Log] XXXXXXXXXXXXXXXXXXXXXXX             -E---N---D-STEP 6             XXXXXXXXXXXXXXXXXXXXXX 
2017-12-02 15:46:00,054 INFO  [Log] X 
2017-12-02 15:46:00,054 INFO  [Log] X 
2017-12-02 15:46:00,054 INFO  [Log] X 
2017-12-02 15:46:00,054 INFO  [Log] X 
2017-12-02 15:46:00,054 INFO  [Log] **************************************************************************************** 
2017-12-02 15:46:00,054 INFO  [Log] **************************************************************************************** 
2017-12-02 15:46:00,054 INFO  [Log] $$$$$$$$$$$$$$$$$$$$$                 STEP 7: Confirm that you have placed the Order in ‘Transaction Results’ page       $$$$$$$$$$$$$$$$$$$$$$$$$ 
2017-12-02 15:46:00,054 INFO  [Log] **************************************************************************************** 
2017-12-02 15:46:00,054 INFO  [Log] **************************************************************************************** 
2017-12-02 15:46:06,162 INFO  [Log] Top Product Name found 
2017-12-02 15:46:06,181 INFO  [Log] Top Product Quantity found 
2017-12-02 15:46:06,196 INFO  [Log] Finish Confirming the Order 
2017-12-02 15:46:06,196 INFO  [Log] XXXXXXXXXXXXXXXXXXXXXXX             -E---N---D-STEP 7             XXXXXXXXXXXXXXXXXXXXXX 
2017-12-02 15:46:06,196 INFO  [Log] X 
2017-12-02 15:46:06,196 INFO  [Log] X 
2017-12-02 15:46:06,196 INFO  [Log] X 
2017-12-02 15:46:06,196 INFO  [Log] X 
