2017-12-02 15:38:14,635 INFO  [Log] **************************************************************************************** 
2017-12-02 15:38:14,635 INFO  [Log] **************************************************************************************** 
2017-12-02 15:38:14,635 INFO  [Log] $$$$$$$$$$$$$$$$$$$$$                 STEP 1: Go to http://store.demoqa.com/       $$$$$$$$$$$$$$$$$$$$$$$$$ 
2017-12-02 15:38:14,635 INFO  [Log] **************************************************************************************** 
2017-12-02 15:38:14,635 INFO  [Log] **************************************************************************************** 
2017-12-02 15:38:19,613 INFO  [Log] XXXXXXXXXXXXXXXXXXXXXXX             -E---N---D-STEP 1             XXXXXXXXXXXXXXXXXXXXXX 
2017-12-02 15:38:19,613 INFO  [Log] X 
2017-12-02 15:38:19,613 INFO  [Log] X 
2017-12-02 15:38:19,613 INFO  [Log] X 
2017-12-02 15:38:19,613 INFO  [Log] X 
2017-12-02 15:38:19,619 INFO  [Log] **************************************************************************************** 
2017-12-02 15:38:19,619 INFO  [Log] **************************************************************************************** 
2017-12-02 15:38:19,620 INFO  [Log] $$$$$$$$$$$$$$$$$$$$$                 STEP 2: Go to Product category and select Accessories       $$$$$$$$$$$$$$$$$$$$$$$$$ 
2017-12-02 15:38:19,620 INFO  [Log] **************************************************************************************** 
2017-12-02 15:38:19,620 INFO  [Log] **************************************************************************************** 
2017-12-02 15:38:19,642 INFO  [Log] Product Category Tab found 
2017-12-02 15:38:19,652 INFO  [Log] Link to Accessories found 
2017-12-02 15:38:19,939 INFO  [Log] Go to Accessories pages 
2017-12-02 15:38:21,991 INFO  [Log] XXXXXXXXXXXXXXXXXXXXXXX             -E---N---D-STEP 2             XXXXXXXXXXXXXXXXXXXXXX 
2017-12-02 15:38:21,991 INFO  [Log] X 
2017-12-02 15:38:21,991 INFO  [Log] X 
2017-12-02 15:38:21,991 INFO  [Log] X 
2017-12-02 15:38:21,991 INFO  [Log] X 
2017-12-02 15:38:21,992 INFO  [Log] **************************************************************************************** 
2017-12-02 15:38:21,992 INFO  [Log] **************************************************************************************** 
2017-12-02 15:38:21,992 INFO  [Log] $$$$$$$$$$$$$$$$$$$$$                 STEP 3: Click on “Add to Cart” for just Magic Mouse       $$$$$$$$$$$$$$$$$$$$$$$$$ 
2017-12-02 15:38:21,992 INFO  [Log] **************************************************************************************** 
2017-12-02 15:38:21,992 INFO  [Log] **************************************************************************************** 
2017-12-02 15:38:22,156 INFO  [Log] Magic Mouse Add To Cart Button found 
2017-12-02 15:38:22,411 INFO  [Log] Click Add to Cart Button 
2017-12-02 15:38:25,521 INFO  [Log] Item Has Been Added Box SHow 
2017-12-02 15:38:25,521 INFO  [Log] XXXXXXXXXXXXXXXXXXXXXXX             -E---N---D-STEP 3             XXXXXXXXXXXXXXXXXXXXXX 
2017-12-02 15:38:25,521 INFO  [Log] X 
2017-12-02 15:38:25,521 INFO  [Log] X 
2017-12-02 15:38:25,521 INFO  [Log] X 
2017-12-02 15:38:25,521 INFO  [Log] X 
2017-12-02 15:38:25,522 INFO  [Log] **************************************************************************************** 
2017-12-02 15:38:25,522 INFO  [Log] **************************************************************************************** 
2017-12-02 15:38:25,522 INFO  [Log] $$$$$$$$$$$$$$$$$$$$$                 STEP 4: Click on “Checkout” and confirm you have 1 Magic Mouse in your Check-Out Page       $$$$$$$$$$$$$$$$$$$$$$$$$ 
2017-12-02 15:38:25,522 INFO  [Log] **************************************************************************************** 
2017-12-02 15:38:25,522 INFO  [Log] **************************************************************************************** 
2017-12-02 15:38:25,531 INFO  [Log] Link to Checkout found 
2017-12-02 15:38:31,311 INFO  [Log] Click Checkout Button 
2017-12-02 15:38:31,409 INFO  [Log] Top Product Quantity found 
2017-12-02 15:38:31,446 INFO  [Log] Confirm Have 1 Magic Mouse In Checkout Page 
2017-12-02 15:38:31,446 INFO  [Log] XXXXXXXXXXXXXXXXXXXXXXX             -E---N---D-STEP 4             XXXXXXXXXXXXXXXXXXXXXX 
2017-12-02 15:38:31,446 INFO  [Log] X 
2017-12-02 15:38:31,447 INFO  [Log] X 
2017-12-02 15:38:31,447 INFO  [Log] X 
2017-12-02 15:38:31,447 INFO  [Log] X 
2017-12-02 15:38:31,448 INFO  [Log] **************************************************************************************** 
2017-12-02 15:38:31,449 INFO  [Log] **************************************************************************************** 
2017-12-02 15:38:31,449 INFO  [Log] $$$$$$$$$$$$$$$$$$$$$                 STEP 5: After confirming, click on Continue       $$$$$$$$$$$$$$$$$$$$$$$$$ 
2017-12-02 15:38:31,449 INFO  [Log] **************************************************************************************** 
2017-12-02 15:38:31,449 INFO  [Log] **************************************************************************************** 
2017-12-02 15:38:31,457 INFO  [Log] Link to Continue found 
2017-12-02 15:38:31,696 INFO  [Log] Click on Continue Button 
2017-12-02 15:38:31,710 INFO  [Log] XXXXXXXXXXXXXXXXXXXXXXX             -E---N---D-STEP 5             XXXXXXXXXXXXXXXXXXXXXX 
2017-12-02 15:38:31,710 INFO  [Log] X 
2017-12-02 15:38:31,710 INFO  [Log] X 
2017-12-02 15:38:31,710 INFO  [Log] X 
2017-12-02 15:38:31,710 INFO  [Log] X 
2017-12-02 15:38:31,711 INFO  [Log] **************************************************************************************** 
2017-12-02 15:38:31,711 INFO  [Log] **************************************************************************************** 
2017-12-02 15:38:31,711 INFO  [Log] $$$$$$$$$$$$$$$$$$$$$                 STEP 6: Enter test data needed for email,  billing/contact details and billing/contact details and click Purchase       $$$$$$$$$$$$$$$$$$$$$$$$$ 
2017-12-02 15:38:31,711 INFO  [Log] **************************************************************************************** 
2017-12-02 15:38:31,711 INFO  [Log] **************************************************************************************** 
2017-12-02 15:38:31,723 INFO  [Log] Textbox Billingemail found 
2017-12-02 15:38:31,777 INFO  [Log] **************************************************************************************** 
2017-12-02 15:38:31,778 INFO  [Log] **************************************************************************************** 
2017-12-02 15:38:31,778 INFO  [Log] $$$$$$$$$$$$$$$$$$$$$                 STEP 7: Confirm that you have placed the Order in ‘Transaction Results’ page       $$$$$$$$$$$$$$$$$$$$$$$$$ 
2017-12-02 15:38:31,778 INFO  [Log] **************************************************************************************** 
2017-12-02 15:38:31,778 INFO  [Log] **************************************************************************************** 
