2017-12-02 16:35:03,108 INFO  [Log] **************************************************************************************** 
2017-12-02 16:35:03,108 INFO  [Log] **************************************************************************************** 
2017-12-02 16:35:03,115 INFO  [Log] $$$$$$$$$$$$$$$$$$$$$                 STEP 1: Go to http://store.demoqa.com/       $$$$$$$$$$$$$$$$$$$$$$$$$ 
2017-12-02 16:35:03,115 INFO  [Log] **************************************************************************************** 
2017-12-02 16:35:03,115 INFO  [Log] **************************************************************************************** 
2017-12-02 16:35:07,339 INFO  [Log] XXXXXXXXXXXXXXXXXXXXXXX             -E---N---D-STEP 1             XXXXXXXXXXXXXXXXXXXXXX 
2017-12-02 16:35:07,339 INFO  [Log] X 
2017-12-02 16:35:07,339 INFO  [Log] X 
2017-12-02 16:35:07,339 INFO  [Log] X 
2017-12-02 16:35:07,339 INFO  [Log] X 
2017-12-02 16:35:07,341 INFO  [Log] **************************************************************************************** 
2017-12-02 16:35:07,341 INFO  [Log] **************************************************************************************** 
2017-12-02 16:35:07,341 INFO  [Log] $$$$$$$$$$$$$$$$$$$$$                 STEP 2: Go to Product category and select Accessories       $$$$$$$$$$$$$$$$$$$$$$$$$ 
2017-12-02 16:35:07,341 INFO  [Log] **************************************************************************************** 
2017-12-02 16:35:07,341 INFO  [Log] **************************************************************************************** 
2017-12-02 16:35:07,368 INFO  [Log] Product Category Tab found 
2017-12-02 16:35:07,397 INFO  [Log] Link to Accessories found 
2017-12-02 16:35:13,388 INFO  [Log] Go to Accessories pages 
2017-12-02 16:35:13,404 INFO  [Log] XXXXXXXXXXXXXXXXXXXXXXX             -E---N---D-STEP 2             XXXXXXXXXXXXXXXXXXXXXX 
2017-12-02 16:35:13,404 INFO  [Log] X 
2017-12-02 16:35:13,404 INFO  [Log] X 
2017-12-02 16:35:13,404 INFO  [Log] X 
2017-12-02 16:35:13,404 INFO  [Log] X 
2017-12-02 16:35:13,405 INFO  [Log] **************************************************************************************** 
2017-12-02 16:35:13,405 INFO  [Log] **************************************************************************************** 
2017-12-02 16:35:13,405 INFO  [Log] $$$$$$$$$$$$$$$$$$$$$                 STEP 3: Click on “Add to Cart” for just Magic Mouse       $$$$$$$$$$$$$$$$$$$$$$$$$ 
2017-12-02 16:35:13,405 INFO  [Log] **************************************************************************************** 
2017-12-02 16:35:13,405 INFO  [Log] **************************************************************************************** 
2017-12-02 16:35:13,427 INFO  [Log] Magic Mouse Add To Cart Button found 
2017-12-02 16:35:13,485 INFO  [Log] Click Add to Cart Button 
2017-12-02 16:35:16,002 INFO  [Log] Item Has Been Added Box SHow 
2017-12-02 16:35:16,002 INFO  [Log] XXXXXXXXXXXXXXXXXXXXXXX             -E---N---D-STEP 3             XXXXXXXXXXXXXXXXXXXXXX 
2017-12-02 16:35:16,003 INFO  [Log] X 
2017-12-02 16:35:16,003 INFO  [Log] X 
2017-12-02 16:35:16,003 INFO  [Log] X 
2017-12-02 16:35:16,003 INFO  [Log] X 
2017-12-02 16:35:16,003 INFO  [Log] **************************************************************************************** 
2017-12-02 16:35:16,003 INFO  [Log] **************************************************************************************** 
2017-12-02 16:35:16,005 INFO  [Log] $$$$$$$$$$$$$$$$$$$$$                 STEP 4: Click on “Checkout” and confirm you have 1 Magic Mouse in your Check-Out Page       $$$$$$$$$$$$$$$$$$$$$$$$$ 
2017-12-02 16:35:16,005 INFO  [Log] **************************************************************************************** 
2017-12-02 16:35:16,005 INFO  [Log] **************************************************************************************** 
2017-12-02 16:35:16,023 INFO  [Log] Link to Checkout found 
2017-12-02 16:35:21,936 INFO  [Log] Click Checkout Button 
2017-12-02 16:35:22,019 INFO  [Log] Top Product Quantity found 
2017-12-02 16:35:22,047 INFO  [Log] Confirm Have 1 Magic Mouse In Checkout Page 
2017-12-02 16:35:22,047 INFO  [Log] XXXXXXXXXXXXXXXXXXXXXXX             -E---N---D-STEP 4             XXXXXXXXXXXXXXXXXXXXXX 
2017-12-02 16:35:22,047 INFO  [Log] X 
2017-12-02 16:35:22,047 INFO  [Log] X 
2017-12-02 16:35:22,047 INFO  [Log] X 
2017-12-02 16:35:22,047 INFO  [Log] X 
2017-12-02 16:35:22,048 INFO  [Log] **************************************************************************************** 
2017-12-02 16:35:22,048 INFO  [Log] **************************************************************************************** 
2017-12-02 16:35:22,048 INFO  [Log] $$$$$$$$$$$$$$$$$$$$$                 STEP 5: After confirming, click on Continue       $$$$$$$$$$$$$$$$$$$$$$$$$ 
2017-12-02 16:35:22,048 INFO  [Log] **************************************************************************************** 
2017-12-02 16:35:22,048 INFO  [Log] **************************************************************************************** 
2017-12-02 16:35:22,069 INFO  [Log] Link to Continue found 
2017-12-02 16:35:22,143 INFO  [Log] Click on Continue Button 
2017-12-02 16:35:22,155 INFO  [Log] XXXXXXXXXXXXXXXXXXXXXXX             -E---N---D-STEP 5             XXXXXXXXXXXXXXXXXXXXXX 
2017-12-02 16:35:22,155 INFO  [Log] X 
2017-12-02 16:35:22,155 INFO  [Log] X 
2017-12-02 16:35:22,155 INFO  [Log] X 
2017-12-02 16:35:22,156 INFO  [Log] X 
2017-12-02 16:35:22,156 INFO  [Log] **************************************************************************************** 
2017-12-02 16:35:22,156 INFO  [Log] **************************************************************************************** 
2017-12-02 16:35:22,156 INFO  [Log] $$$$$$$$$$$$$$$$$$$$$                 STEP 6: Enter test data needed for email,  billing/contact details and billing/contact details and click Purchase       $$$$$$$$$$$$$$$$$$$$$$$$$ 
2017-12-02 16:35:22,156 INFO  [Log] **************************************************************************************** 
2017-12-02 16:35:22,156 INFO  [Log] **************************************************************************************** 
2017-12-02 16:35:22,732 INFO  [Log] Textbox Billingemail found 
2017-12-02 16:35:23,181 INFO  [Log] Textbox Billingfirstname found 
2017-12-02 16:35:23,283 INFO  [Log] Textbox Billinglastname found 
2017-12-02 16:35:23,374 INFO  [Log] Textbox Billingaddress found 
2017-12-02 16:35:23,520 INFO  [Log] Textbox Billingcity found 
2017-12-02 16:35:23,643 INFO  [Log] Textbox Billingphone number found 
2017-12-02 16:35:23,778 INFO  [Log] Dropdown box Billingcountry found 
2017-12-02 16:35:23,867 INFO  [Log] Textbox Billingstate number found 
2017-12-02 16:35:23,977 INFO  [Log] Textbox Shippingstate number found 
2017-12-02 16:35:24,047 INFO  [Log] Finish Filling Test User Data 
2017-12-02 16:35:24,066 INFO  [Log] Purchase button found 
2017-12-02 16:35:43,866 INFO  [Log] Click Purchase Button 
2017-12-02 16:35:43,866 INFO  [Log] XXXXXXXXXXXXXXXXXXXXXXX             -E---N---D-STEP 6             XXXXXXXXXXXXXXXXXXXXXX 
2017-12-02 16:35:43,867 INFO  [Log] X 
2017-12-02 16:35:43,867 INFO  [Log] X 
2017-12-02 16:35:43,867 INFO  [Log] X 
2017-12-02 16:35:43,867 INFO  [Log] X 
2017-12-02 16:35:43,867 INFO  [Log] **************************************************************************************** 
2017-12-02 16:35:43,867 INFO  [Log] **************************************************************************************** 
2017-12-02 16:35:43,867 INFO  [Log] $$$$$$$$$$$$$$$$$$$$$                 STEP 7: Confirm that you have placed the Order in ‘Transaction Results’ page       $$$$$$$$$$$$$$$$$$$$$$$$$ 
2017-12-02 16:35:43,867 INFO  [Log] **************************************************************************************** 
2017-12-02 16:35:43,867 INFO  [Log] **************************************************************************************** 
2017-12-02 16:35:43,902 INFO  [Log] Top Product Name found 
2017-12-02 16:35:43,947 INFO  [Log] Top Product Quantity found 
2017-12-02 16:35:43,983 INFO  [Log] Finish Confirming the Order 
2017-12-02 16:35:43,983 INFO  [Log] XXXXXXXXXXXXXXXXXXXXXXX             -E---N---D-STEP 7             XXXXXXXXXXXXXXXXXXXXXX 
2017-12-02 16:35:43,983 INFO  [Log] X 
2017-12-02 16:35:43,983 INFO  [Log] X 
2017-12-02 16:35:43,983 INFO  [Log] X 
2017-12-02 16:35:43,983 INFO  [Log] X 
2017-12-02 16:35:51,804 INFO  [Log] **************************************************************************************** 
2017-12-02 16:35:51,805 INFO  [Log] **************************************************************************************** 
2017-12-02 16:35:51,805 INFO  [Log] $$$$$$$$$$$$$$$$$$$$$                 STEP 1: Go to http://store.demoqa.com/       $$$$$$$$$$$$$$$$$$$$$$$$$ 
2017-12-02 16:35:51,805 INFO  [Log] **************************************************************************************** 
2017-12-02 16:35:51,805 INFO  [Log] **************************************************************************************** 
2017-12-02 16:35:54,562 INFO  [Log] XXXXXXXXXXXXXXXXXXXXXXX             -E---N---D-STEP 1             XXXXXXXXXXXXXXXXXXXXXX 
2017-12-02 16:35:54,562 INFO  [Log] X 
2017-12-02 16:35:54,562 INFO  [Log] X 
2017-12-02 16:35:54,562 INFO  [Log] X 
2017-12-02 16:35:54,562 INFO  [Log] X 
2017-12-02 16:35:54,562 INFO  [Log] **************************************************************************************** 
2017-12-02 16:35:54,563 INFO  [Log] **************************************************************************************** 
2017-12-02 16:35:54,563 INFO  [Log] $$$$$$$$$$$$$$$$$$$$$                 STEP 2: Go to Product category and select Accessories       $$$$$$$$$$$$$$$$$$$$$$$$$ 
2017-12-02 16:35:54,563 INFO  [Log] **************************************************************************************** 
2017-12-02 16:35:54,563 INFO  [Log] **************************************************************************************** 
2017-12-02 16:35:54,575 INFO  [Log] Product Category Tab found 
2017-12-02 16:35:54,580 INFO  [Log] Link to Accessories found 
2017-12-02 16:35:54,876 INFO  [Log] Go to Accessories pages 
2017-12-02 16:35:55,939 INFO  [Log] XXXXXXXXXXXXXXXXXXXXXXX             -E---N---D-STEP 2             XXXXXXXXXXXXXXXXXXXXXX 
2017-12-02 16:35:55,940 INFO  [Log] X 
2017-12-02 16:35:55,940 INFO  [Log] X 
2017-12-02 16:35:55,940 INFO  [Log] X 
2017-12-02 16:35:55,940 INFO  [Log] X 
2017-12-02 16:35:55,941 INFO  [Log] **************************************************************************************** 
2017-12-02 16:35:55,941 INFO  [Log] **************************************************************************************** 
2017-12-02 16:35:55,942 INFO  [Log] $$$$$$$$$$$$$$$$$$$$$                 STEP 3: Click on “Add to Cart” for just Magic Mouse       $$$$$$$$$$$$$$$$$$$$$$$$$ 
2017-12-02 16:35:55,942 INFO  [Log] **************************************************************************************** 
2017-12-02 16:35:55,942 INFO  [Log] **************************************************************************************** 
2017-12-02 16:35:56,148 INFO  [Log] Magic Mouse Add To Cart Button found 
2017-12-02 16:35:56,606 INFO  [Log] Click Add to Cart Button 
2017-12-02 16:35:58,665 INFO  [Log] Item Has Been Added Box SHow 
2017-12-02 16:35:58,665 INFO  [Log] XXXXXXXXXXXXXXXXXXXXXXX             -E---N---D-STEP 3             XXXXXXXXXXXXXXXXXXXXXX 
2017-12-02 16:35:58,665 INFO  [Log] X 
2017-12-02 16:35:58,665 INFO  [Log] X 
2017-12-02 16:35:58,665 INFO  [Log] X 
2017-12-02 16:35:58,665 INFO  [Log] X 
2017-12-02 16:35:58,666 INFO  [Log] **************************************************************************************** 
2017-12-02 16:35:58,666 INFO  [Log] **************************************************************************************** 
2017-12-02 16:35:58,666 INFO  [Log] $$$$$$$$$$$$$$$$$$$$$                 STEP 4: Click on “Checkout” and confirm you have 1 Magic Mouse in your Check-Out Page       $$$$$$$$$$$$$$$$$$$$$$$$$ 
2017-12-02 16:35:58,666 INFO  [Log] **************************************************************************************** 
2017-12-02 16:35:58,666 INFO  [Log] **************************************************************************************** 
2017-12-02 16:35:58,678 INFO  [Log] Link to Checkout found 
2017-12-02 16:36:01,636 INFO  [Log] Click Checkout Button 
2017-12-02 16:36:01,720 INFO  [Log] Top Product Quantity found 
2017-12-02 16:36:01,770 INFO  [Log] Confirm Have 1 Magic Mouse In Checkout Page 
2017-12-02 16:36:01,770 INFO  [Log] XXXXXXXXXXXXXXXXXXXXXXX             -E---N---D-STEP 4             XXXXXXXXXXXXXXXXXXXXXX 
2017-12-02 16:36:01,770 INFO  [Log] X 
2017-12-02 16:36:01,770 INFO  [Log] X 
2017-12-02 16:36:01,770 INFO  [Log] X 
2017-12-02 16:36:01,770 INFO  [Log] X 
2017-12-02 16:36:01,771 INFO  [Log] **************************************************************************************** 
2017-12-02 16:36:01,771 INFO  [Log] **************************************************************************************** 
2017-12-02 16:36:01,771 INFO  [Log] $$$$$$$$$$$$$$$$$$$$$                 STEP 5: After confirming, click on Continue       $$$$$$$$$$$$$$$$$$$$$$$$$ 
2017-12-02 16:36:01,771 INFO  [Log] **************************************************************************************** 
2017-12-02 16:36:01,771 INFO  [Log] **************************************************************************************** 
2017-12-02 16:36:01,784 INFO  [Log] Link to Continue found 
2017-12-02 16:36:02,019 INFO  [Log] Click on Continue Button 
2017-12-02 16:36:02,028 INFO  [Log] XXXXXXXXXXXXXXXXXXXXXXX             -E---N---D-STEP 5             XXXXXXXXXXXXXXXXXXXXXX 
2017-12-02 16:36:02,028 INFO  [Log] X 
2017-12-02 16:36:02,029 INFO  [Log] X 
2017-12-02 16:36:02,029 INFO  [Log] X 
2017-12-02 16:36:02,029 INFO  [Log] X 
2017-12-02 16:36:02,030 INFO  [Log] **************************************************************************************** 
2017-12-02 16:36:02,030 INFO  [Log] **************************************************************************************** 
2017-12-02 16:36:02,030 INFO  [Log] $$$$$$$$$$$$$$$$$$$$$                 STEP 6: Enter test data needed for email,  billing/contact details and billing/contact details and click Purchase       $$$$$$$$$$$$$$$$$$$$$$$$$ 
2017-12-02 16:36:02,030 INFO  [Log] **************************************************************************************** 
2017-12-02 16:36:02,030 INFO  [Log] **************************************************************************************** 
2017-12-02 16:36:02,723 INFO  [Log] Textbox Billingemail found 
2017-12-02 16:36:02,826 INFO  [Log] Textbox Billingfirstname found 
2017-12-02 16:36:02,890 INFO  [Log] Textbox Billinglastname found 
2017-12-02 16:36:02,939 INFO  [Log] Textbox Billingaddress found 
2017-12-02 16:36:02,991 INFO  [Log] Textbox Billingcity found 
2017-12-02 16:36:03,088 INFO  [Log] Textbox Billingphone number found 
2017-12-02 16:36:03,169 INFO  [Log] Dropdown box Billingcountry found 
2017-12-02 16:36:03,438 INFO  [Log] Textbox Billingstate number found 
2017-12-02 16:36:03,466 INFO  [Log] Textbox Shippingstate number found 
2017-12-02 16:36:03,493 INFO  [Log] Finish Filling Test User Data 
2017-12-02 16:36:03,501 INFO  [Log] Purchase button found 
2017-12-02 16:36:08,750 INFO  [Log] Click Purchase Button 
2017-12-02 16:36:08,750 INFO  [Log] XXXXXXXXXXXXXXXXXXXXXXX             -E---N---D-STEP 6             XXXXXXXXXXXXXXXXXXXXXX 
2017-12-02 16:36:08,750 INFO  [Log] X 
2017-12-02 16:36:08,750 INFO  [Log] X 
2017-12-02 16:36:08,751 INFO  [Log] X 
2017-12-02 16:36:08,751 INFO  [Log] X 
2017-12-02 16:36:08,751 INFO  [Log] **************************************************************************************** 
2017-12-02 16:36:08,751 INFO  [Log] **************************************************************************************** 
2017-12-02 16:36:08,751 INFO  [Log] $$$$$$$$$$$$$$$$$$$$$                 STEP 7: Confirm that you have placed the Order in ‘Transaction Results’ page       $$$$$$$$$$$$$$$$$$$$$$$$$ 
2017-12-02 16:36:08,751 INFO  [Log] **************************************************************************************** 
2017-12-02 16:36:08,751 INFO  [Log] **************************************************************************************** 
2017-12-02 16:36:12,467 INFO  [Log] Top Product Name found 
2017-12-02 16:36:12,522 INFO  [Log] Top Product Quantity found 
2017-12-02 16:36:12,544 INFO  [Log] Finish Confirming the Order 
2017-12-02 16:36:12,544 INFO  [Log] XXXXXXXXXXXXXXXXXXXXXXX             -E---N---D-STEP 7             XXXXXXXXXXXXXXXXXXXXXX 
2017-12-02 16:36:12,544 INFO  [Log] X 
2017-12-02 16:36:12,544 INFO  [Log] X 
2017-12-02 16:36:12,544 INFO  [Log] X 
2017-12-02 16:36:12,545 INFO  [Log] X 
