2017-12-02 15:49:02,388 INFO  [Log] **************************************************************************************** 
2017-12-02 15:49:02,389 INFO  [Log] **************************************************************************************** 
2017-12-02 15:49:02,389 INFO  [Log] $$$$$$$$$$$$$$$$$$$$$                 STEP 1: Go to http://store.demoqa.com/       $$$$$$$$$$$$$$$$$$$$$$$$$ 
2017-12-02 15:49:02,389 INFO  [Log] **************************************************************************************** 
2017-12-02 15:49:02,389 INFO  [Log] **************************************************************************************** 
2017-12-02 15:49:06,236 INFO  [Log] XXXXXXXXXXXXXXXXXXXXXXX             -E---N---D-STEP 1             XXXXXXXXXXXXXXXXXXXXXX 
2017-12-02 15:49:06,236 INFO  [Log] X 
2017-12-02 15:49:06,236 INFO  [Log] X 
2017-12-02 15:49:06,237 INFO  [Log] X 
2017-12-02 15:49:06,237 INFO  [Log] X 
2017-12-02 15:49:06,238 INFO  [Log] **************************************************************************************** 
2017-12-02 15:49:06,238 INFO  [Log] **************************************************************************************** 
2017-12-02 15:49:06,238 INFO  [Log] $$$$$$$$$$$$$$$$$$$$$                 STEP 2: Go to Product category and select Accessories       $$$$$$$$$$$$$$$$$$$$$$$$$ 
2017-12-02 15:49:06,238 INFO  [Log] **************************************************************************************** 
2017-12-02 15:49:06,238 INFO  [Log] **************************************************************************************** 
2017-12-02 15:49:06,261 INFO  [Log] Product Category Tab found 
2017-12-02 15:49:06,270 INFO  [Log] Link to Accessories found 
2017-12-02 15:49:06,541 INFO  [Log] Go to Accessories pages 
2017-12-02 15:49:09,613 INFO  [Log] XXXXXXXXXXXXXXXXXXXXXXX             -E---N---D-STEP 2             XXXXXXXXXXXXXXXXXXXXXX 
2017-12-02 15:49:09,614 INFO  [Log] X 
2017-12-02 15:49:09,614 INFO  [Log] X 
2017-12-02 15:49:09,614 INFO  [Log] X 
2017-12-02 15:49:09,615 INFO  [Log] X 
2017-12-02 15:49:09,617 INFO  [Log] **************************************************************************************** 
2017-12-02 15:49:09,617 INFO  [Log] **************************************************************************************** 
2017-12-02 15:49:09,618 INFO  [Log] $$$$$$$$$$$$$$$$$$$$$                 STEP 3: Click on “Add to Cart” for just Magic Mouse       $$$$$$$$$$$$$$$$$$$$$$$$$ 
2017-12-02 15:49:09,618 INFO  [Log] **************************************************************************************** 
2017-12-02 15:49:09,618 INFO  [Log] **************************************************************************************** 
2017-12-02 15:49:09,815 INFO  [Log] Magic Mouse Add To Cart Button found 
2017-12-02 15:49:10,289 INFO  [Log] Click Add to Cart Button 
2017-12-02 15:49:12,641 INFO  [Log] Item Has Been Added Box SHow 
2017-12-02 15:49:12,641 INFO  [Log] XXXXXXXXXXXXXXXXXXXXXXX             -E---N---D-STEP 3             XXXXXXXXXXXXXXXXXXXXXX 
2017-12-02 15:49:12,641 INFO  [Log] X 
2017-12-02 15:49:12,641 INFO  [Log] X 
2017-12-02 15:49:12,641 INFO  [Log] X 
2017-12-02 15:49:12,641 INFO  [Log] X 
2017-12-02 15:49:12,642 INFO  [Log] **************************************************************************************** 
2017-12-02 15:49:12,642 INFO  [Log] **************************************************************************************** 
2017-12-02 15:49:12,642 INFO  [Log] $$$$$$$$$$$$$$$$$$$$$                 STEP 4: Click on “Checkout” and confirm you have 1 Magic Mouse in your Check-Out Page       $$$$$$$$$$$$$$$$$$$$$$$$$ 
2017-12-02 15:49:12,642 INFO  [Log] **************************************************************************************** 
2017-12-02 15:49:12,642 INFO  [Log] **************************************************************************************** 
2017-12-02 15:49:12,654 INFO  [Log] Link to Checkout found 
2017-12-02 15:49:17,483 INFO  [Log] Click Checkout Button 
2017-12-02 15:49:17,571 INFO  [Log] Top Product Quantity found 
2017-12-02 15:49:17,639 INFO  [Log] Confirm Have 1 Magic Mouse In Checkout Page 
2017-12-02 15:49:17,639 INFO  [Log] XXXXXXXXXXXXXXXXXXXXXXX             -E---N---D-STEP 4             XXXXXXXXXXXXXXXXXXXXXX 
2017-12-02 15:49:17,639 INFO  [Log] X 
2017-12-02 15:49:17,639 INFO  [Log] X 
2017-12-02 15:49:17,639 INFO  [Log] X 
2017-12-02 15:49:17,639 INFO  [Log] X 
2017-12-02 15:49:17,640 INFO  [Log] **************************************************************************************** 
2017-12-02 15:49:17,640 INFO  [Log] **************************************************************************************** 
2017-12-02 15:49:17,640 INFO  [Log] $$$$$$$$$$$$$$$$$$$$$                 STEP 5: After confirming, click on Continue       $$$$$$$$$$$$$$$$$$$$$$$$$ 
2017-12-02 15:49:17,640 INFO  [Log] **************************************************************************************** 
2017-12-02 15:49:17,640 INFO  [Log] **************************************************************************************** 
2017-12-02 15:49:17,647 INFO  [Log] Link to Continue found 
2017-12-02 15:49:17,878 INFO  [Log] Click on Continue Button 
2017-12-02 15:49:17,893 INFO  [Log] XXXXXXXXXXXXXXXXXXXXXXX             -E---N---D-STEP 5             XXXXXXXXXXXXXXXXXXXXXX 
2017-12-02 15:49:17,893 INFO  [Log] X 
2017-12-02 15:49:17,893 INFO  [Log] X 
2017-12-02 15:49:17,893 INFO  [Log] X 
2017-12-02 15:49:17,893 INFO  [Log] X 
2017-12-02 15:49:17,894 INFO  [Log] **************************************************************************************** 
2017-12-02 15:49:17,894 INFO  [Log] **************************************************************************************** 
2017-12-02 15:49:17,894 INFO  [Log] $$$$$$$$$$$$$$$$$$$$$                 STEP 6: Enter test data needed for email,  billing/contact details and billing/contact details and click Purchase       $$$$$$$$$$$$$$$$$$$$$$$$$ 
2017-12-02 15:49:17,894 INFO  [Log] **************************************************************************************** 
2017-12-02 15:49:17,894 INFO  [Log] **************************************************************************************** 
2017-12-02 15:49:18,511 INFO  [Log] Textbox Billingemail found 
2017-12-02 15:49:18,603 INFO  [Log] Textbox Billingfirstname found 
2017-12-02 15:49:18,646 INFO  [Log] Textbox Billinglastname found 
2017-12-02 15:49:18,695 INFO  [Log] Textbox Billingaddress found 
2017-12-02 15:49:18,750 INFO  [Log] Textbox Billingcity found 
2017-12-02 15:49:18,807 INFO  [Log] Textbox Billingphone number found 
2017-12-02 15:49:18,944 INFO  [Log] Dropdown box Billingcountry found 
2017-12-02 15:49:19,212 INFO  [Log] Textbox Billingstate number found 
2017-12-02 15:49:19,236 INFO  [Log] Textbox Shippingstate number found 
2017-12-02 15:49:19,258 INFO  [Log] Finish Filling Test User Data 
2017-12-02 15:49:19,268 INFO  [Log] Purchase button found 
2017-12-02 15:49:24,508 INFO  [Log] Click Purchase Button 
2017-12-02 15:49:24,509 INFO  [Log] XXXXXXXXXXXXXXXXXXXXXXX             -E---N---D-STEP 6             XXXXXXXXXXXXXXXXXXXXXX 
2017-12-02 15:49:24,509 INFO  [Log] X 
2017-12-02 15:49:24,509 INFO  [Log] X 
2017-12-02 15:49:24,509 INFO  [Log] X 
2017-12-02 15:49:24,509 INFO  [Log] X 
2017-12-02 15:49:24,510 INFO  [Log] **************************************************************************************** 
2017-12-02 15:49:24,510 INFO  [Log] **************************************************************************************** 
2017-12-02 15:49:24,510 INFO  [Log] $$$$$$$$$$$$$$$$$$$$$                 STEP 7: Confirm that you have placed the Order in ‘Transaction Results’ page       $$$$$$$$$$$$$$$$$$$$$$$$$ 
2017-12-02 15:49:24,510 INFO  [Log] **************************************************************************************** 
2017-12-02 15:49:24,510 INFO  [Log] **************************************************************************************** 
2017-12-02 15:49:37,813 INFO  [Log] Top Product Name found 
2017-12-02 15:49:37,857 INFO  [Log] Top Product Quantity found 
2017-12-02 15:49:37,885 INFO  [Log] Finish Confirming the Order 
2017-12-02 15:49:37,885 INFO  [Log] XXXXXXXXXXXXXXXXXXXXXXX             -E---N---D-STEP 7             XXXXXXXXXXXXXXXXXXXXXX 
2017-12-02 15:49:37,885 INFO  [Log] X 
2017-12-02 15:49:37,885 INFO  [Log] X 
2017-12-02 15:49:37,885 INFO  [Log] X 
2017-12-02 15:49:37,885 INFO  [Log] X 
