2017-12-02 16:33:17,315 INFO  [Log] **************************************************************************************** 
2017-12-02 16:33:17,316 INFO  [Log] **************************************************************************************** 
2017-12-02 16:33:17,322 INFO  [Log] $$$$$$$$$$$$$$$$$$$$$                 STEP 1: Go to http://store.demoqa.com/       $$$$$$$$$$$$$$$$$$$$$$$$$ 
2017-12-02 16:33:17,323 INFO  [Log] **************************************************************************************** 
2017-12-02 16:33:17,323 INFO  [Log] **************************************************************************************** 
2017-12-02 16:33:19,976 INFO  [Log] XXXXXXXXXXXXXXXXXXXXXXX             -E---N---D-STEP 1             XXXXXXXXXXXXXXXXXXXXXX 
2017-12-02 16:33:19,976 INFO  [Log] X 
2017-12-02 16:33:19,976 INFO  [Log] X 
2017-12-02 16:33:19,976 INFO  [Log] X 
2017-12-02 16:33:19,976 INFO  [Log] X 
2017-12-02 16:33:19,978 INFO  [Log] **************************************************************************************** 
2017-12-02 16:33:19,978 INFO  [Log] **************************************************************************************** 
2017-12-02 16:33:19,978 INFO  [Log] $$$$$$$$$$$$$$$$$$$$$                 STEP 2: Go to Product category and select Accessories       $$$$$$$$$$$$$$$$$$$$$$$$$ 
2017-12-02 16:33:19,978 INFO  [Log] **************************************************************************************** 
2017-12-02 16:33:19,978 INFO  [Log] **************************************************************************************** 
2017-12-02 16:33:20,010 INFO  [Log] Product Category Tab found 
2017-12-02 16:33:20,031 INFO  [Log] Link to Accessories found 
2017-12-02 16:33:22,258 INFO  [Log] Go to Accessories pages 
2017-12-02 16:33:22,270 INFO  [Log] XXXXXXXXXXXXXXXXXXXXXXX             -E---N---D-STEP 2             XXXXXXXXXXXXXXXXXXXXXX 
2017-12-02 16:33:22,270 INFO  [Log] X 
2017-12-02 16:33:22,270 INFO  [Log] X 
2017-12-02 16:33:22,270 INFO  [Log] X 
2017-12-02 16:33:22,270 INFO  [Log] X 
2017-12-02 16:33:22,271 INFO  [Log] **************************************************************************************** 
2017-12-02 16:33:22,271 INFO  [Log] **************************************************************************************** 
2017-12-02 16:33:22,271 INFO  [Log] $$$$$$$$$$$$$$$$$$$$$                 STEP 3: Click on “Add to Cart” for just Magic Mouse       $$$$$$$$$$$$$$$$$$$$$$$$$ 
2017-12-02 16:33:22,271 INFO  [Log] **************************************************************************************** 
2017-12-02 16:33:22,271 INFO  [Log] **************************************************************************************** 
2017-12-02 16:33:22,292 INFO  [Log] Magic Mouse Add To Cart Button found 
2017-12-02 16:33:22,352 INFO  [Log] Click Add to Cart Button 
2017-12-02 16:33:23,619 INFO  [Log] Item Has Been Added Box SHow 
2017-12-02 16:33:23,619 INFO  [Log] XXXXXXXXXXXXXXXXXXXXXXX             -E---N---D-STEP 3             XXXXXXXXXXXXXXXXXXXXXX 
2017-12-02 16:33:23,619 INFO  [Log] X 
2017-12-02 16:33:23,619 INFO  [Log] X 
2017-12-02 16:33:23,619 INFO  [Log] X 
2017-12-02 16:33:23,619 INFO  [Log] X 
2017-12-02 16:33:23,620 INFO  [Log] **************************************************************************************** 
2017-12-02 16:33:23,620 INFO  [Log] **************************************************************************************** 
2017-12-02 16:33:23,620 INFO  [Log] $$$$$$$$$$$$$$$$$$$$$                 STEP 4: Click on “Checkout” and confirm you have 1 Magic Mouse in your Check-Out Page       $$$$$$$$$$$$$$$$$$$$$$$$$ 
2017-12-02 16:33:23,620 INFO  [Log] **************************************************************************************** 
2017-12-02 16:33:23,620 INFO  [Log] **************************************************************************************** 
2017-12-02 16:33:23,644 INFO  [Log] Link to Checkout found 
2017-12-02 16:33:25,990 INFO  [Log] Click Checkout Button 
2017-12-02 16:33:26,074 INFO  [Log] Top Product Quantity found 
2017-12-02 16:33:26,103 INFO  [Log] Confirm Have 1 Magic Mouse In Checkout Page 
2017-12-02 16:33:26,103 INFO  [Log] XXXXXXXXXXXXXXXXXXXXXXX             -E---N---D-STEP 4             XXXXXXXXXXXXXXXXXXXXXX 
2017-12-02 16:33:26,104 INFO  [Log] X 
2017-12-02 16:33:26,104 INFO  [Log] X 
2017-12-02 16:33:26,104 INFO  [Log] X 
2017-12-02 16:33:26,104 INFO  [Log] X 
2017-12-02 16:33:26,104 INFO  [Log] **************************************************************************************** 
2017-12-02 16:33:26,104 INFO  [Log] **************************************************************************************** 
2017-12-02 16:33:26,104 INFO  [Log] $$$$$$$$$$$$$$$$$$$$$                 STEP 5: After confirming, click on Continue       $$$$$$$$$$$$$$$$$$$$$$$$$ 
2017-12-02 16:33:26,105 INFO  [Log] **************************************************************************************** 
2017-12-02 16:33:26,105 INFO  [Log] **************************************************************************************** 
2017-12-02 16:33:26,128 INFO  [Log] Link to Continue found 
2017-12-02 16:33:26,200 INFO  [Log] Click on Continue Button 
2017-12-02 16:33:26,215 INFO  [Log] XXXXXXXXXXXXXXXXXXXXXXX             -E---N---D-STEP 5             XXXXXXXXXXXXXXXXXXXXXX 
2017-12-02 16:33:26,215 INFO  [Log] X 
2017-12-02 16:33:26,215 INFO  [Log] X 
2017-12-02 16:33:26,215 INFO  [Log] X 
2017-12-02 16:33:26,215 INFO  [Log] X 
2017-12-02 16:33:26,215 INFO  [Log] **************************************************************************************** 
2017-12-02 16:33:26,215 INFO  [Log] **************************************************************************************** 
2017-12-02 16:33:26,215 INFO  [Log] $$$$$$$$$$$$$$$$$$$$$                 STEP 6: Enter test data needed for email,  billing/contact details and billing/contact details and click Purchase       $$$$$$$$$$$$$$$$$$$$$$$$$ 
2017-12-02 16:33:26,215 INFO  [Log] **************************************************************************************** 
2017-12-02 16:33:26,216 INFO  [Log] **************************************************************************************** 
2017-12-02 16:33:26,816 INFO  [Log] Textbox Billingemail found 
2017-12-02 16:33:27,269 INFO  [Log] Textbox Billingfirstname found 
2017-12-02 16:33:27,369 INFO  [Log] Textbox Billinglastname found 
2017-12-02 16:33:27,463 INFO  [Log] Textbox Billingaddress found 
2017-12-02 16:33:27,605 INFO  [Log] Textbox Billingcity found 
2017-12-02 16:33:27,726 INFO  [Log] Textbox Billingphone number found 
2017-12-02 16:33:27,865 INFO  [Log] Dropdown box Billingcountry found 
2017-12-02 16:33:27,954 INFO  [Log] Textbox Billingstate number found 
2017-12-02 16:33:28,064 INFO  [Log] Textbox Shippingstate number found 
2017-12-02 16:33:28,135 INFO  [Log] Finish Filling Test User Data 
2017-12-02 16:33:28,154 INFO  [Log] Purchase button found 
2017-12-02 16:33:43,076 INFO  [Log] Click Purchase Button 
2017-12-02 16:33:43,076 INFO  [Log] XXXXXXXXXXXXXXXXXXXXXXX             -E---N---D-STEP 6             XXXXXXXXXXXXXXXXXXXXXX 
2017-12-02 16:33:43,076 INFO  [Log] X 
2017-12-02 16:33:43,076 INFO  [Log] X 
2017-12-02 16:33:43,076 INFO  [Log] X 
2017-12-02 16:33:43,076 INFO  [Log] X 
2017-12-02 16:33:43,077 INFO  [Log] **************************************************************************************** 
2017-12-02 16:33:43,077 INFO  [Log] **************************************************************************************** 
2017-12-02 16:33:43,077 INFO  [Log] $$$$$$$$$$$$$$$$$$$$$                 STEP 7: Confirm that you have placed the Order in ‘Transaction Results’ page       $$$$$$$$$$$$$$$$$$$$$$$$$ 
2017-12-02 16:33:43,077 INFO  [Log] **************************************************************************************** 
2017-12-02 16:33:43,077 INFO  [Log] **************************************************************************************** 
2017-12-02 16:33:43,108 INFO  [Log] Top Product Name found 
2017-12-02 16:33:43,152 INFO  [Log] Top Product Quantity found 
2017-12-02 16:33:43,188 INFO  [Log] Finish Confirming the Order 
2017-12-02 16:33:43,188 INFO  [Log] XXXXXXXXXXXXXXXXXXXXXXX             -E---N---D-STEP 7             XXXXXXXXXXXXXXXXXXXXXX 
2017-12-02 16:33:43,188 INFO  [Log] X 
2017-12-02 16:33:43,188 INFO  [Log] X 
2017-12-02 16:33:43,188 INFO  [Log] X 
2017-12-02 16:33:43,188 INFO  [Log] X 
