2017-12-02 16:00:22,794 INFO  [Log] **************************************************************************************** 
2017-12-02 16:00:22,794 INFO  [Log] **************************************************************************************** 
2017-12-02 16:00:22,800 INFO  [Log] $$$$$$$$$$$$$$$$$$$$$                 STEP 1: Go to http://store.demoqa.com/       $$$$$$$$$$$$$$$$$$$$$$$$$ 
2017-12-02 16:00:22,801 INFO  [Log] **************************************************************************************** 
2017-12-02 16:00:22,801 INFO  [Log] **************************************************************************************** 
2017-12-02 16:00:25,612 INFO  [Log] XXXXXXXXXXXXXXXXXXXXXXX             -E---N---D-STEP 1             XXXXXXXXXXXXXXXXXXXXXX 
2017-12-02 16:00:25,612 INFO  [Log] X 
2017-12-02 16:00:25,612 INFO  [Log] X 
2017-12-02 16:00:25,612 INFO  [Log] X 
2017-12-02 16:00:25,612 INFO  [Log] X 
2017-12-02 16:00:25,614 INFO  [Log] **************************************************************************************** 
2017-12-02 16:00:25,614 INFO  [Log] **************************************************************************************** 
2017-12-02 16:00:25,614 INFO  [Log] $$$$$$$$$$$$$$$$$$$$$                 STEP 2: Go to Product category and select Accessories       $$$$$$$$$$$$$$$$$$$$$$$$$ 
2017-12-02 16:00:25,614 INFO  [Log] **************************************************************************************** 
2017-12-02 16:00:25,614 INFO  [Log] **************************************************************************************** 
2017-12-02 16:00:25,645 INFO  [Log] Product Category Tab found 
2017-12-02 16:00:25,665 INFO  [Log] Link to Accessories found 
2017-12-02 16:00:28,625 INFO  [Log] Go to Accessories pages 
2017-12-02 16:00:28,636 INFO  [Log] XXXXXXXXXXXXXXXXXXXXXXX             -E---N---D-STEP 2             XXXXXXXXXXXXXXXXXXXXXX 
2017-12-02 16:00:28,636 INFO  [Log] X 
2017-12-02 16:00:28,636 INFO  [Log] X 
2017-12-02 16:00:28,636 INFO  [Log] X 
2017-12-02 16:00:28,636 INFO  [Log] X 
2017-12-02 16:00:28,637 INFO  [Log] **************************************************************************************** 
2017-12-02 16:00:28,637 INFO  [Log] **************************************************************************************** 
2017-12-02 16:00:28,637 INFO  [Log] $$$$$$$$$$$$$$$$$$$$$                 STEP 3: Click on “Add to Cart” for just Magic Mouse       $$$$$$$$$$$$$$$$$$$$$$$$$ 
2017-12-02 16:00:28,637 INFO  [Log] **************************************************************************************** 
2017-12-02 16:00:28,637 INFO  [Log] **************************************************************************************** 
2017-12-02 16:00:28,659 INFO  [Log] Magic Mouse Add To Cart Button found 
2017-12-02 16:00:28,729 INFO  [Log] Click Add to Cart Button 
2017-12-02 16:00:29,964 INFO  [Log] Item Has Been Added Box SHow 
2017-12-02 16:00:29,966 INFO  [Log] XXXXXXXXXXXXXXXXXXXXXXX             -E---N---D-STEP 3             XXXXXXXXXXXXXXXXXXXXXX 
2017-12-02 16:00:29,966 INFO  [Log] X 
2017-12-02 16:00:29,966 INFO  [Log] X 
2017-12-02 16:00:29,966 INFO  [Log] X 
2017-12-02 16:00:29,966 INFO  [Log] X 
2017-12-02 16:00:29,967 INFO  [Log] **************************************************************************************** 
2017-12-02 16:00:29,967 INFO  [Log] **************************************************************************************** 
2017-12-02 16:00:29,968 INFO  [Log] $$$$$$$$$$$$$$$$$$$$$                 STEP 4: Click on “Checkout” and confirm you have 1 Magic Mouse in your Check-Out Page       $$$$$$$$$$$$$$$$$$$$$$$$$ 
2017-12-02 16:00:29,968 INFO  [Log] **************************************************************************************** 
2017-12-02 16:00:29,968 INFO  [Log] **************************************************************************************** 
2017-12-02 16:00:29,988 INFO  [Log] Link to Checkout found 
2017-12-02 16:00:32,302 INFO  [Log] Click Checkout Button 
2017-12-02 16:00:32,387 INFO  [Log] Top Product Quantity found 
2017-12-02 16:00:32,416 INFO  [Log] Confirm Have 1 Magic Mouse In Checkout Page 
2017-12-02 16:00:32,416 INFO  [Log] XXXXXXXXXXXXXXXXXXXXXXX             -E---N---D-STEP 4             XXXXXXXXXXXXXXXXXXXXXX 
2017-12-02 16:00:32,416 INFO  [Log] X 
2017-12-02 16:00:32,416 INFO  [Log] X 
2017-12-02 16:00:32,416 INFO  [Log] X 
2017-12-02 16:00:32,416 INFO  [Log] X 
2017-12-02 16:00:32,417 INFO  [Log] **************************************************************************************** 
2017-12-02 16:00:32,417 INFO  [Log] **************************************************************************************** 
2017-12-02 16:00:32,417 INFO  [Log] $$$$$$$$$$$$$$$$$$$$$                 STEP 5: After confirming, click on Continue       $$$$$$$$$$$$$$$$$$$$$$$$$ 
2017-12-02 16:00:32,417 INFO  [Log] **************************************************************************************** 
2017-12-02 16:00:32,417 INFO  [Log] **************************************************************************************** 
2017-12-02 16:00:32,436 INFO  [Log] Link to Continue found 
2017-12-02 16:00:32,495 INFO  [Log] Click on Continue Button 
2017-12-02 16:00:32,508 INFO  [Log] XXXXXXXXXXXXXXXXXXXXXXX             -E---N---D-STEP 5             XXXXXXXXXXXXXXXXXXXXXX 
2017-12-02 16:00:32,508 INFO  [Log] X 
2017-12-02 16:00:32,508 INFO  [Log] X 
2017-12-02 16:00:32,508 INFO  [Log] X 
2017-12-02 16:00:32,508 INFO  [Log] X 
2017-12-02 16:00:32,508 INFO  [Log] **************************************************************************************** 
2017-12-02 16:00:32,509 INFO  [Log] **************************************************************************************** 
2017-12-02 16:00:32,509 INFO  [Log] $$$$$$$$$$$$$$$$$$$$$                 STEP 6: Enter test data needed for email,  billing/contact details and billing/contact details and click Purchase       $$$$$$$$$$$$$$$$$$$$$$$$$ 
2017-12-02 16:00:32,509 INFO  [Log] **************************************************************************************** 
2017-12-02 16:00:32,509 INFO  [Log] **************************************************************************************** 
2017-12-02 16:00:33,100 INFO  [Log] Textbox Billingemail found 
2017-12-02 16:00:33,492 INFO  [Log] Textbox Billingfirstname found 
2017-12-02 16:00:33,606 INFO  [Log] Textbox Billinglastname found 
2017-12-02 16:00:33,702 INFO  [Log] Textbox Billingaddress found 
2017-12-02 16:00:33,853 INFO  [Log] Textbox Billingcity found 
2017-12-02 16:00:33,984 INFO  [Log] Textbox Billingphone number found 
2017-12-02 16:00:34,125 INFO  [Log] Dropdown box Billingcountry found 
2017-12-02 16:00:34,213 INFO  [Log] Textbox Billingstate number found 
2017-12-02 16:00:34,342 INFO  [Log] Textbox Shippingstate number found 
2017-12-02 16:00:34,424 INFO  [Log] Finish Filling Test User Data 
2017-12-02 16:00:34,448 INFO  [Log] Purchase button found 
2017-12-02 16:00:47,672 INFO  [Log] Click Purchase Button 
2017-12-02 16:00:47,673 INFO  [Log] XXXXXXXXXXXXXXXXXXXXXXX             -E---N---D-STEP 6             XXXXXXXXXXXXXXXXXXXXXX 
2017-12-02 16:00:47,673 INFO  [Log] X 
2017-12-02 16:00:47,673 INFO  [Log] X 
2017-12-02 16:00:47,673 INFO  [Log] X 
2017-12-02 16:00:47,673 INFO  [Log] X 
2017-12-02 16:00:47,674 INFO  [Log] **************************************************************************************** 
2017-12-02 16:00:47,674 INFO  [Log] **************************************************************************************** 
2017-12-02 16:00:47,674 INFO  [Log] $$$$$$$$$$$$$$$$$$$$$                 STEP 7: Confirm that you have placed the Order in ‘Transaction Results’ page       $$$$$$$$$$$$$$$$$$$$$$$$$ 
2017-12-02 16:00:47,674 INFO  [Log] **************************************************************************************** 
2017-12-02 16:00:47,674 INFO  [Log] **************************************************************************************** 
2017-12-02 16:00:47,713 INFO  [Log] Top Product Name found 
2017-12-02 16:00:47,778 INFO  [Log] Top Product Quantity found 
2017-12-02 16:00:47,831 INFO  [Log] Finish Confirming the Order 
2017-12-02 16:00:47,832 INFO  [Log] XXXXXXXXXXXXXXXXXXXXXXX             -E---N---D-STEP 7             XXXXXXXXXXXXXXXXXXXXXX 
2017-12-02 16:00:47,832 INFO  [Log] X 
2017-12-02 16:00:47,832 INFO  [Log] X 
2017-12-02 16:00:47,832 INFO  [Log] X 
2017-12-02 16:00:47,832 INFO  [Log] X 
2017-12-02 16:00:56,391 INFO  [Log] **************************************************************************************** 
2017-12-02 16:00:56,394 INFO  [Log] **************************************************************************************** 
2017-12-02 16:00:56,394 INFO  [Log] $$$$$$$$$$$$$$$$$$$$$                 STEP 1: Go to http://store.demoqa.com/       $$$$$$$$$$$$$$$$$$$$$$$$$ 
2017-12-02 16:00:56,394 INFO  [Log] **************************************************************************************** 
2017-12-02 16:00:56,394 INFO  [Log] **************************************************************************************** 
2017-12-02 16:01:01,892 INFO  [Log] XXXXXXXXXXXXXXXXXXXXXXX             -E---N---D-STEP 1             XXXXXXXXXXXXXXXXXXXXXX 
2017-12-02 16:01:01,892 INFO  [Log] X 
2017-12-02 16:01:01,892 INFO  [Log] X 
2017-12-02 16:01:01,892 INFO  [Log] X 
2017-12-02 16:01:01,892 INFO  [Log] X 
2017-12-02 16:01:01,893 INFO  [Log] **************************************************************************************** 
2017-12-02 16:01:01,893 INFO  [Log] **************************************************************************************** 
2017-12-02 16:01:01,893 INFO  [Log] $$$$$$$$$$$$$$$$$$$$$                 STEP 2: Go to Product category and select Accessories       $$$$$$$$$$$$$$$$$$$$$$$$$ 
2017-12-02 16:01:01,893 INFO  [Log] **************************************************************************************** 
2017-12-02 16:01:01,893 INFO  [Log] **************************************************************************************** 
2017-12-02 16:01:01,907 INFO  [Log] Product Category Tab found 
2017-12-02 16:01:01,915 INFO  [Log] Link to Accessories found 
2017-12-02 16:01:02,196 INFO  [Log] Go to Accessories pages 
2017-12-02 16:01:06,485 INFO  [Log] XXXXXXXXXXXXXXXXXXXXXXX             -E---N---D-STEP 2             XXXXXXXXXXXXXXXXXXXXXX 
2017-12-02 16:01:06,485 INFO  [Log] X 
2017-12-02 16:01:06,485 INFO  [Log] X 
2017-12-02 16:01:06,485 INFO  [Log] X 
2017-12-02 16:01:06,485 INFO  [Log] X 
2017-12-02 16:01:06,487 INFO  [Log] **************************************************************************************** 
2017-12-02 16:01:06,487 INFO  [Log] **************************************************************************************** 
2017-12-02 16:01:06,487 INFO  [Log] $$$$$$$$$$$$$$$$$$$$$                 STEP 3: Click on “Add to Cart” for just Magic Mouse       $$$$$$$$$$$$$$$$$$$$$$$$$ 
2017-12-02 16:01:06,487 INFO  [Log] **************************************************************************************** 
2017-12-02 16:01:06,487 INFO  [Log] **************************************************************************************** 
2017-12-02 16:01:06,546 INFO  [Log] Magic Mouse Add To Cart Button found 
2017-12-02 16:01:14,631 INFO  [Log] Click Add to Cart Button 
2017-12-02 16:01:29,658 INFO  [Log] **************************************************************************************** 
2017-12-02 16:01:29,659 INFO  [Log] **************************************************************************************** 
2017-12-02 16:01:29,659 INFO  [Log] $$$$$$$$$$$$$$$$$$$$$                 STEP 4: Click on “Checkout” and confirm you have 1 Magic Mouse in your Check-Out Page       $$$$$$$$$$$$$$$$$$$$$$$$$ 
2017-12-02 16:01:29,659 INFO  [Log] **************************************************************************************** 
2017-12-02 16:01:29,659 INFO  [Log] **************************************************************************************** 
2017-12-02 16:01:29,666 INFO  [Log] Link to Checkout found 
2017-12-02 16:01:31,927 INFO  [Log] Click Checkout Button 
2017-12-02 16:01:31,962 INFO  [Log] Top Product Quantity found 
2017-12-02 16:01:31,987 INFO  [Log] Confirm Have 1 Magic Mouse In Checkout Page 
2017-12-02 16:01:31,987 INFO  [Log] XXXXXXXXXXXXXXXXXXXXXXX             -E---N---D-STEP 4             XXXXXXXXXXXXXXXXXXXXXX 
2017-12-02 16:01:31,987 INFO  [Log] X 
2017-12-02 16:01:31,987 INFO  [Log] X 
2017-12-02 16:01:31,987 INFO  [Log] X 
2017-12-02 16:01:31,987 INFO  [Log] X 
2017-12-02 16:01:31,988 INFO  [Log] **************************************************************************************** 
2017-12-02 16:01:31,988 INFO  [Log] **************************************************************************************** 
2017-12-02 16:01:31,988 INFO  [Log] $$$$$$$$$$$$$$$$$$$$$                 STEP 5: After confirming, click on Continue       $$$$$$$$$$$$$$$$$$$$$$$$$ 
2017-12-02 16:01:31,988 INFO  [Log] **************************************************************************************** 
2017-12-02 16:01:31,988 INFO  [Log] **************************************************************************************** 
2017-12-02 16:01:31,998 INFO  [Log] Link to Continue found 
2017-12-02 16:01:32,225 INFO  [Log] Click on Continue Button 
2017-12-02 16:01:32,231 INFO  [Log] XXXXXXXXXXXXXXXXXXXXXXX             -E---N---D-STEP 5             XXXXXXXXXXXXXXXXXXXXXX 
2017-12-02 16:01:32,231 INFO  [Log] X 
2017-12-02 16:01:32,231 INFO  [Log] X 
2017-12-02 16:01:32,231 INFO  [Log] X 
2017-12-02 16:01:32,231 INFO  [Log] X 
2017-12-02 16:01:32,232 INFO  [Log] **************************************************************************************** 
2017-12-02 16:01:32,232 INFO  [Log] **************************************************************************************** 
2017-12-02 16:01:32,232 INFO  [Log] $$$$$$$$$$$$$$$$$$$$$                 STEP 6: Enter test data needed for email,  billing/contact details and billing/contact details and click Purchase       $$$$$$$$$$$$$$$$$$$$$$$$$ 
2017-12-02 16:01:32,232 INFO  [Log] **************************************************************************************** 
2017-12-02 16:01:32,232 INFO  [Log] **************************************************************************************** 
2017-12-02 16:01:33,936 INFO  [Log] Textbox Billingemail found 
2017-12-02 16:01:34,029 INFO  [Log] Textbox Billingfirstname found 
2017-12-02 16:01:34,071 INFO  [Log] Textbox Billinglastname found 
2017-12-02 16:01:34,113 INFO  [Log] Textbox Billingaddress found 
2017-12-02 16:01:34,158 INFO  [Log] Textbox Billingcity found 
2017-12-02 16:01:34,244 INFO  [Log] Textbox Billingphone number found 
2017-12-02 16:01:34,301 INFO  [Log] Dropdown box Billingcountry found 
2017-12-02 16:01:34,559 INFO  [Log] Textbox Billingstate number found 
2017-12-02 16:01:34,586 INFO  [Log] Textbox Shippingstate number found 
2017-12-02 16:01:34,616 INFO  [Log] Finish Filling Test User Data 
2017-12-02 16:01:34,622 INFO  [Log] Purchase button found 
2017-12-02 16:01:39,869 INFO  [Log] Click Purchase Button 
2017-12-02 16:01:39,871 INFO  [Log] XXXXXXXXXXXXXXXXXXXXXXX             -E---N---D-STEP 6             XXXXXXXXXXXXXXXXXXXXXX 
2017-12-02 16:01:39,871 INFO  [Log] X 
2017-12-02 16:01:39,871 INFO  [Log] X 
2017-12-02 16:01:39,871 INFO  [Log] X 
2017-12-02 16:01:39,871 INFO  [Log] X 
2017-12-02 16:01:39,872 INFO  [Log] **************************************************************************************** 
2017-12-02 16:01:39,872 INFO  [Log] **************************************************************************************** 
2017-12-02 16:01:39,872 INFO  [Log] $$$$$$$$$$$$$$$$$$$$$                 STEP 7: Confirm that you have placed the Order in ‘Transaction Results’ page       $$$$$$$$$$$$$$$$$$$$$$$$$ 
2017-12-02 16:01:39,872 INFO  [Log] **************************************************************************************** 
2017-12-02 16:01:39,872 INFO  [Log] **************************************************************************************** 
2017-12-02 16:01:45,962 INFO  [Log] Top Product Name found 
2017-12-02 16:01:45,982 INFO  [Log] Top Product Quantity found 
2017-12-02 16:01:46,000 INFO  [Log] Finish Confirming the Order 
2017-12-02 16:01:46,000 INFO  [Log] XXXXXXXXXXXXXXXXXXXXXXX             -E---N---D-STEP 7             XXXXXXXXXXXXXXXXXXXXXX 
2017-12-02 16:01:46,000 INFO  [Log] X 
2017-12-02 16:01:46,000 INFO  [Log] X 
2017-12-02 16:01:46,000 INFO  [Log] X 
2017-12-02 16:01:46,000 INFO  [Log] X 
