2017-12-02 15:50:13,200 INFO  [Log] **************************************************************************************** 
2017-12-02 15:50:13,201 INFO  [Log] **************************************************************************************** 
2017-12-02 15:50:13,201 INFO  [Log] $$$$$$$$$$$$$$$$$$$$$                 STEP 1: Go to http://store.demoqa.com/       $$$$$$$$$$$$$$$$$$$$$$$$$ 
2017-12-02 15:50:13,201 INFO  [Log] **************************************************************************************** 
2017-12-02 15:50:13,201 INFO  [Log] **************************************************************************************** 
2017-12-02 15:50:15,899 INFO  [Log] XXXXXXXXXXXXXXXXXXXXXXX             -E---N---D-STEP 1             XXXXXXXXXXXXXXXXXXXXXX 
2017-12-02 15:50:15,899 INFO  [Log] X 
2017-12-02 15:50:15,899 INFO  [Log] X 
2017-12-02 15:50:15,899 INFO  [Log] X 
2017-12-02 15:50:15,899 INFO  [Log] X 
2017-12-02 15:50:15,900 INFO  [Log] **************************************************************************************** 
2017-12-02 15:50:15,900 INFO  [Log] **************************************************************************************** 
2017-12-02 15:50:15,900 INFO  [Log] $$$$$$$$$$$$$$$$$$$$$                 STEP 2: Go to Product category and select Accessories       $$$$$$$$$$$$$$$$$$$$$$$$$ 
2017-12-02 15:50:15,900 INFO  [Log] **************************************************************************************** 
2017-12-02 15:50:15,900 INFO  [Log] **************************************************************************************** 
2017-12-02 15:50:15,926 INFO  [Log] Product Category Tab found 
2017-12-02 15:50:15,947 INFO  [Log] Link to Accessories found 
2017-12-02 15:50:18,745 INFO  [Log] Go to Accessories pages 
2017-12-02 15:50:18,756 INFO  [Log] XXXXXXXXXXXXXXXXXXXXXXX             -E---N---D-STEP 2             XXXXXXXXXXXXXXXXXXXXXX 
2017-12-02 15:50:18,756 INFO  [Log] X 
2017-12-02 15:50:18,756 INFO  [Log] X 
2017-12-02 15:50:18,756 INFO  [Log] X 
2017-12-02 15:50:18,757 INFO  [Log] X 
2017-12-02 15:50:18,757 INFO  [Log] **************************************************************************************** 
2017-12-02 15:50:18,757 INFO  [Log] **************************************************************************************** 
2017-12-02 15:50:18,757 INFO  [Log] $$$$$$$$$$$$$$$$$$$$$                 STEP 3: Click on “Add to Cart” for just Magic Mouse       $$$$$$$$$$$$$$$$$$$$$$$$$ 
2017-12-02 15:50:18,757 INFO  [Log] **************************************************************************************** 
2017-12-02 15:50:18,757 INFO  [Log] **************************************************************************************** 
2017-12-02 15:50:18,778 INFO  [Log] Magic Mouse Add To Cart Button found 
2017-12-02 15:50:18,834 INFO  [Log] Click Add to Cart Button 
2017-12-02 15:50:19,995 INFO  [Log] Item Has Been Added Box SHow 
2017-12-02 15:50:19,996 INFO  [Log] XXXXXXXXXXXXXXXXXXXXXXX             -E---N---D-STEP 3             XXXXXXXXXXXXXXXXXXXXXX 
2017-12-02 15:50:19,996 INFO  [Log] X 
2017-12-02 15:50:19,996 INFO  [Log] X 
2017-12-02 15:50:19,996 INFO  [Log] X 
2017-12-02 15:50:19,996 INFO  [Log] X 
2017-12-02 15:50:19,996 INFO  [Log] **************************************************************************************** 
2017-12-02 15:50:19,997 INFO  [Log] **************************************************************************************** 
2017-12-02 15:50:19,997 INFO  [Log] $$$$$$$$$$$$$$$$$$$$$                 STEP 4: Click on “Checkout” and confirm you have 1 Magic Mouse in your Check-Out Page       $$$$$$$$$$$$$$$$$$$$$$$$$ 
2017-12-02 15:50:19,997 INFO  [Log] **************************************************************************************** 
2017-12-02 15:50:19,997 INFO  [Log] **************************************************************************************** 
2017-12-02 15:50:20,016 INFO  [Log] Link to Checkout found 
2017-12-02 15:50:22,228 INFO  [Log] Click Checkout Button 
2017-12-02 15:50:22,304 INFO  [Log] Top Product Quantity found 
2017-12-02 15:50:22,329 INFO  [Log] Confirm Have 1 Magic Mouse In Checkout Page 
2017-12-02 15:50:22,329 INFO  [Log] XXXXXXXXXXXXXXXXXXXXXXX             -E---N---D-STEP 4             XXXXXXXXXXXXXXXXXXXXXX 
2017-12-02 15:50:22,329 INFO  [Log] X 
2017-12-02 15:50:22,329 INFO  [Log] X 
2017-12-02 15:50:22,329 INFO  [Log] X 
2017-12-02 15:50:22,329 INFO  [Log] X 
2017-12-02 15:50:22,330 INFO  [Log] **************************************************************************************** 
2017-12-02 15:50:22,330 INFO  [Log] **************************************************************************************** 
2017-12-02 15:50:22,330 INFO  [Log] $$$$$$$$$$$$$$$$$$$$$                 STEP 5: After confirming, click on Continue       $$$$$$$$$$$$$$$$$$$$$$$$$ 
2017-12-02 15:50:22,330 INFO  [Log] **************************************************************************************** 
2017-12-02 15:50:22,330 INFO  [Log] **************************************************************************************** 
2017-12-02 15:50:22,348 INFO  [Log] Link to Continue found 
2017-12-02 15:50:22,412 INFO  [Log] Click on Continue Button 
2017-12-02 15:50:22,423 INFO  [Log] XXXXXXXXXXXXXXXXXXXXXXX             -E---N---D-STEP 5             XXXXXXXXXXXXXXXXXXXXXX 
2017-12-02 15:50:22,423 INFO  [Log] X 
2017-12-02 15:50:22,423 INFO  [Log] X 
2017-12-02 15:50:22,423 INFO  [Log] X 
2017-12-02 15:50:22,423 INFO  [Log] X 
2017-12-02 15:50:22,425 INFO  [Log] **************************************************************************************** 
2017-12-02 15:50:22,425 INFO  [Log] **************************************************************************************** 
2017-12-02 15:50:22,425 INFO  [Log] $$$$$$$$$$$$$$$$$$$$$                 STEP 6: Enter test data needed for email,  billing/contact details and billing/contact details and click Purchase       $$$$$$$$$$$$$$$$$$$$$$$$$ 
2017-12-02 15:50:22,425 INFO  [Log] **************************************************************************************** 
2017-12-02 15:50:22,425 INFO  [Log] **************************************************************************************** 
2017-12-02 15:50:23,002 INFO  [Log] Textbox Billingemail found 
2017-12-02 15:50:23,421 INFO  [Log] Textbox Billingfirstname found 
2017-12-02 15:50:23,518 INFO  [Log] Textbox Billinglastname found 
2017-12-02 15:50:23,613 INFO  [Log] Textbox Billingaddress found 
2017-12-02 15:50:23,750 INFO  [Log] Textbox Billingcity found 
2017-12-02 15:50:23,869 INFO  [Log] Textbox Billingphone number found 
2017-12-02 15:50:23,996 INFO  [Log] Dropdown box Billingcountry found 
2017-12-02 15:50:24,082 INFO  [Log] Textbox Billingstate number found 
2017-12-02 15:50:24,181 INFO  [Log] Textbox Shippingstate number found 
2017-12-02 15:50:24,248 INFO  [Log] Finish Filling Test User Data 
2017-12-02 15:50:24,265 INFO  [Log] Purchase button found 
2017-12-02 15:50:36,968 INFO  [Log] Click Purchase Button 
2017-12-02 15:50:36,968 INFO  [Log] XXXXXXXXXXXXXXXXXXXXXXX             -E---N---D-STEP 6             XXXXXXXXXXXXXXXXXXXXXX 
2017-12-02 15:50:36,969 INFO  [Log] X 
2017-12-02 15:50:36,969 INFO  [Log] X 
2017-12-02 15:50:36,969 INFO  [Log] X 
2017-12-02 15:50:36,969 INFO  [Log] X 
2017-12-02 15:50:36,969 INFO  [Log] **************************************************************************************** 
2017-12-02 15:50:36,969 INFO  [Log] **************************************************************************************** 
2017-12-02 15:50:36,969 INFO  [Log] $$$$$$$$$$$$$$$$$$$$$                 STEP 7: Confirm that you have placed the Order in ‘Transaction Results’ page       $$$$$$$$$$$$$$$$$$$$$$$$$ 
2017-12-02 15:50:36,969 INFO  [Log] **************************************************************************************** 
2017-12-02 15:50:36,969 INFO  [Log] **************************************************************************************** 
2017-12-02 15:50:37,001 INFO  [Log] Top Product Name found 
2017-12-02 15:50:37,046 INFO  [Log] Top Product Quantity found 
2017-12-02 15:50:37,085 INFO  [Log] Finish Confirming the Order 
2017-12-02 15:50:37,085 INFO  [Log] XXXXXXXXXXXXXXXXXXXXXXX             -E---N---D-STEP 7             XXXXXXXXXXXXXXXXXXXXXX 
2017-12-02 15:50:37,085 INFO  [Log] X 
2017-12-02 15:50:37,085 INFO  [Log] X 
2017-12-02 15:50:37,085 INFO  [Log] X 
2017-12-02 15:50:37,085 INFO  [Log] X 
2017-12-02 15:50:45,296 INFO  [Log] **************************************************************************************** 
2017-12-02 15:50:45,296 INFO  [Log] **************************************************************************************** 
2017-12-02 15:50:45,296 INFO  [Log] $$$$$$$$$$$$$$$$$$$$$                 STEP 1: Go to http://store.demoqa.com/       $$$$$$$$$$$$$$$$$$$$$$$$$ 
2017-12-02 15:50:45,296 INFO  [Log] **************************************************************************************** 
2017-12-02 15:50:45,296 INFO  [Log] **************************************************************************************** 
2017-12-02 15:50:48,126 INFO  [Log] XXXXXXXXXXXXXXXXXXXXXXX             -E---N---D-STEP 1             XXXXXXXXXXXXXXXXXXXXXX 
2017-12-02 15:50:48,126 INFO  [Log] X 
2017-12-02 15:50:48,126 INFO  [Log] X 
2017-12-02 15:50:48,126 INFO  [Log] X 
2017-12-02 15:50:48,126 INFO  [Log] X 
2017-12-02 15:50:48,129 INFO  [Log] **************************************************************************************** 
2017-12-02 15:50:48,129 INFO  [Log] **************************************************************************************** 
2017-12-02 15:50:48,129 INFO  [Log] $$$$$$$$$$$$$$$$$$$$$                 STEP 2: Go to Product category and select Accessories       $$$$$$$$$$$$$$$$$$$$$$$$$ 
2017-12-02 15:50:48,129 INFO  [Log] **************************************************************************************** 
2017-12-02 15:50:48,129 INFO  [Log] **************************************************************************************** 
2017-12-02 15:50:48,139 INFO  [Log] Product Category Tab found 
2017-12-02 15:50:48,148 INFO  [Log] Link to Accessories found 
2017-12-02 15:50:48,409 INFO  [Log] Go to Accessories pages 
2017-12-02 15:50:49,956 INFO  [Log] XXXXXXXXXXXXXXXXXXXXXXX             -E---N---D-STEP 2             XXXXXXXXXXXXXXXXXXXXXX 
2017-12-02 15:50:49,956 INFO  [Log] X 
2017-12-02 15:50:49,956 INFO  [Log] X 
2017-12-02 15:50:49,956 INFO  [Log] X 
2017-12-02 15:50:49,956 INFO  [Log] X 
2017-12-02 15:50:49,956 INFO  [Log] **************************************************************************************** 
2017-12-02 15:50:49,956 INFO  [Log] **************************************************************************************** 
2017-12-02 15:50:49,956 INFO  [Log] $$$$$$$$$$$$$$$$$$$$$                 STEP 3: Click on “Add to Cart” for just Magic Mouse       $$$$$$$$$$$$$$$$$$$$$$$$$ 
2017-12-02 15:50:49,956 INFO  [Log] **************************************************************************************** 
2017-12-02 15:50:49,956 INFO  [Log] **************************************************************************************** 
2017-12-02 15:50:50,002 INFO  [Log] Magic Mouse Add To Cart Button found 
2017-12-02 15:50:50,274 INFO  [Log] Click Add to Cart Button 
2017-12-02 15:50:51,878 INFO  [Log] Item Has Been Added Box SHow 
2017-12-02 15:50:51,878 INFO  [Log] XXXXXXXXXXXXXXXXXXXXXXX             -E---N---D-STEP 3             XXXXXXXXXXXXXXXXXXXXXX 
2017-12-02 15:50:51,878 INFO  [Log] X 
2017-12-02 15:50:51,878 INFO  [Log] X 
2017-12-02 15:50:51,878 INFO  [Log] X 
2017-12-02 15:50:51,878 INFO  [Log] X 
2017-12-02 15:50:51,878 INFO  [Log] **************************************************************************************** 
2017-12-02 15:50:51,878 INFO  [Log] **************************************************************************************** 
2017-12-02 15:50:51,878 INFO  [Log] $$$$$$$$$$$$$$$$$$$$$                 STEP 4: Click on “Checkout” and confirm you have 1 Magic Mouse in your Check-Out Page       $$$$$$$$$$$$$$$$$$$$$$$$$ 
2017-12-02 15:50:51,879 INFO  [Log] **************************************************************************************** 
2017-12-02 15:50:51,879 INFO  [Log] **************************************************************************************** 
2017-12-02 15:50:51,889 INFO  [Log] Link to Checkout found 
2017-12-02 15:50:55,654 INFO  [Log] Click Checkout Button 
2017-12-02 15:50:55,740 INFO  [Log] Top Product Quantity found 
2017-12-02 15:50:55,781 INFO  [Log] Confirm Have 1 Magic Mouse In Checkout Page 
2017-12-02 15:50:55,781 INFO  [Log] XXXXXXXXXXXXXXXXXXXXXXX             -E---N---D-STEP 4             XXXXXXXXXXXXXXXXXXXXXX 
2017-12-02 15:50:55,781 INFO  [Log] X 
2017-12-02 15:50:55,781 INFO  [Log] X 
2017-12-02 15:50:55,781 INFO  [Log] X 
2017-12-02 15:50:55,782 INFO  [Log] X 
2017-12-02 15:50:55,784 INFO  [Log] **************************************************************************************** 
2017-12-02 15:50:55,784 INFO  [Log] **************************************************************************************** 
2017-12-02 15:50:55,784 INFO  [Log] $$$$$$$$$$$$$$$$$$$$$                 STEP 5: After confirming, click on Continue       $$$$$$$$$$$$$$$$$$$$$$$$$ 
2017-12-02 15:50:55,784 INFO  [Log] **************************************************************************************** 
2017-12-02 15:50:55,784 INFO  [Log] **************************************************************************************** 
2017-12-02 15:50:55,792 INFO  [Log] Link to Continue found 
2017-12-02 15:50:56,030 INFO  [Log] Click on Continue Button 
2017-12-02 15:50:56,052 INFO  [Log] XXXXXXXXXXXXXXXXXXXXXXX             -E---N---D-STEP 5             XXXXXXXXXXXXXXXXXXXXXX 
2017-12-02 15:50:56,052 INFO  [Log] X 
2017-12-02 15:50:56,052 INFO  [Log] X 
2017-12-02 15:50:56,052 INFO  [Log] X 
2017-12-02 15:50:56,052 INFO  [Log] X 
2017-12-02 15:50:56,053 INFO  [Log] **************************************************************************************** 
2017-12-02 15:50:56,053 INFO  [Log] **************************************************************************************** 
2017-12-02 15:50:56,053 INFO  [Log] $$$$$$$$$$$$$$$$$$$$$                 STEP 6: Enter test data needed for email,  billing/contact details and billing/contact details and click Purchase       $$$$$$$$$$$$$$$$$$$$$$$$$ 
2017-12-02 15:50:56,053 INFO  [Log] **************************************************************************************** 
2017-12-02 15:50:56,053 INFO  [Log] **************************************************************************************** 
2017-12-02 15:50:56,663 INFO  [Log] Textbox Billingemail found 
2017-12-02 15:50:56,762 INFO  [Log] Textbox Billingfirstname found 
2017-12-02 15:50:56,808 INFO  [Log] Textbox Billinglastname found 
2017-12-02 15:50:56,851 INFO  [Log] Textbox Billingaddress found 
2017-12-02 15:50:56,911 INFO  [Log] Textbox Billingcity found 
2017-12-02 15:50:56,997 INFO  [Log] Textbox Billingphone number found 
2017-12-02 15:50:57,067 INFO  [Log] Dropdown box Billingcountry found 
2017-12-02 15:50:57,322 INFO  [Log] Textbox Billingstate number found 
2017-12-02 15:50:57,360 INFO  [Log] Textbox Shippingstate number found 
2017-12-02 15:50:57,390 INFO  [Log] Finish Filling Test User Data 
2017-12-02 15:50:57,402 INFO  [Log] Purchase button found 
2017-12-02 15:51:02,646 INFO  [Log] Click Purchase Button 
2017-12-02 15:51:02,648 INFO  [Log] XXXXXXXXXXXXXXXXXXXXXXX             -E---N---D-STEP 6             XXXXXXXXXXXXXXXXXXXXXX 
2017-12-02 15:51:02,648 INFO  [Log] X 
2017-12-02 15:51:02,649 INFO  [Log] X 
2017-12-02 15:51:02,649 INFO  [Log] X 
2017-12-02 15:51:02,649 INFO  [Log] X 
2017-12-02 15:51:02,650 INFO  [Log] **************************************************************************************** 
2017-12-02 15:51:02,650 INFO  [Log] **************************************************************************************** 
2017-12-02 15:51:02,650 INFO  [Log] $$$$$$$$$$$$$$$$$$$$$                 STEP 7: Confirm that you have placed the Order in ‘Transaction Results’ page       $$$$$$$$$$$$$$$$$$$$$$$$$ 
2017-12-02 15:51:02,650 INFO  [Log] **************************************************************************************** 
2017-12-02 15:51:02,651 INFO  [Log] **************************************************************************************** 
2017-12-02 15:51:05,659 INFO  [Log] Top Product Name found 
2017-12-02 15:51:05,684 INFO  [Log] Top Product Quantity found 
2017-12-02 15:51:05,704 INFO  [Log] Finish Confirming the Order 
2017-12-02 15:51:05,704 INFO  [Log] XXXXXXXXXXXXXXXXXXXXXXX             -E---N---D-STEP 7             XXXXXXXXXXXXXXXXXXXXXX 
2017-12-02 15:51:05,704 INFO  [Log] X 
2017-12-02 15:51:05,704 INFO  [Log] X 
2017-12-02 15:51:05,704 INFO  [Log] X 
2017-12-02 15:51:05,704 INFO  [Log] X 
